{"horodatage": "2026-02-11T11:32:53.482906", "niveau": "INFO", "module": "journalisation", "fonction": "info", "ligne": 161, "message": "======================================================================", "processus": 20320, "thread": 12000}
{"horodatage": "2026-02-11T11:32:53.484901", "niveau": "INFO", "module": "journalisation", "fonction": "info", "ligne": 161, "message": "SYSTÈME DE MATCHING CV/OFFRE - DÉMARRAGE", "processus": 20320, "thread": 12000}
{"horodatage": "2026-02-11T11:32:53.485902", "niveau": "INFO", "module": "journalisation", "fonction": "info", "ligne": 161, "message": "======================================================================", "processus": 20320, "thread": 12000}
{"horodatage": "2026-02-11T11:34:16.751940", "niveau": "INFO", "module": "journalisation", "fonction": "info", "ligne": 161, "message": "======================================================================", "processus": 12000, "thread": 23640}
{"horodatage": "2026-02-11T11:34:16.751940", "niveau": "INFO", "module": "journalisation", "fonction": "info", "ligne": 161, "message": "SYSTÈME DE MATCHING CV/OFFRE - DÉMARRAGE", "processus": 12000, "thread": 23640}
{"horodatage": "2026-02-11T11:34:16.752462", "niveau": "INFO", "module": "journalisation", "fonction": "info", "ligne": 161, "message": "======================================================================", "processus": 12000, "thread": 23640}
{"horodatage": "2026-02-11T11:34:35.096545", "niveau": "INFO", "module": "journalisation", "fonction": "info", "ligne": 161, "message": "======================================================================", "processus": 23748, "thread": 18296}
{"horodatage": "2026-02-11T11:34:35.097545", "niveau": "INFO", "module": "journalisation", "fonction": "info", "ligne": 161, "message": "SYSTÈME DE MATCHING CV/OFFRE - DÉMARRAGE", "processus": 23748, "thread": 18296}
{"horodatage": "2026-02-11T11:34:35.097545", "niveau": "INFO", "module": "journalisation", "fonction": "info", "ligne": 161, "message": "======================================================================", "processus": 23748, "thread": 18296}
{"horodatage": "2026-02-11T11:38:47.420957", "niveau": "INFO", "module": "journalisation", "fonction": "info", "ligne": 161, "message": "======================================================================", "processus": 11760, "thread": 24224}
{"horodatage": "2026-02-11T11:38:47.421955", "niveau": "INFO", "module": "journalisation", "fonction": "info", "ligne": 161, "message": "SYSTÈME DE MATCHING CV/OFFRE - DÉMARRAGE", "processus": 11760, "thread": 24224}
{"horodatage": "2026-02-11T11:38:47.421955", "niveau": "INFO", "module": "journalisation", "fonction": "info", "ligne": 161, "message": "======================================================================", "processus": 11760, "thread": 24224}
{"horodatage": "2026-02-11T11:39:04.246946", "niveau": "INFO", "module": "journalisation", "fonction": "info", "ligne": 161, "message": "======================================================================", "processus": 20648, "thread": 24284}
{"horodatage": "2026-02-11T11:39:04.246946", "niveau": "INFO", "module": "journalisation", "fonction": "info", "ligne": 161, "message": "SYSTÈME DE MATCHING CV/OFFRE - DÉMARRAGE", "processus": 20648, "thread": 24284}
{"horodatage": "2026-02-11T11:39:04.247942", "niveau": "INFO", "module": "journalisation", "fonction": "info", "ligne": 161, "message": "======================================================================", "processus": 20648, "thread": 24284}
{"horodatage": "2026-02-11T11:39:04.247942", "niveau": "INFO", "module": "journalisation", "fonction": "info", "ligne": 161, "message": "✓ Configuration validée avec succès", "processus": 20648, "thread": 24284}
{"horodatage": "2026-02-11T11:39:08.335470", "niveau": "INFO", "module": "journalisation", "fonction": "info", "ligne": 161, "message": "======================================================================", "processus": 7060, "thread": 16932}
{"horodatage": "2026-02-11T11:39:08.335470", "niveau": "INFO", "module": "journalisation", "fonction": "info", "ligne": 161, "message": "SYSTÈME DE MATCHING CV/OFFRE - DÉMARRAGE", "processus": 7060, "thread": 16932}
{"horodatage": "2026-02-11T11:39:08.336684", "niveau": "INFO", "module": "journalisation", "fonction": "info", "ligne": 161, "message": "======================================================================", "processus": 7060, "thread": 16932}
{"horodatage": "2026-02-11T11:39:08.336684", "niveau": "INFO", "module": "journalisation", "fonction": "info", "ligne": 161, "message": "✓ Configuration validée avec succès", "processus": 7060, "thread": 16932}
{"horodatage": "2026-02-11T11:41:06.467205", "niveau": "INFO", "module": "journalisation", "fonction": "info", "ligne": 161, "message": "======================================================================", "processus": 22676, "thread": 24060}
{"horodatage": "2026-02-11T11:41:06.468206", "niveau": "INFO", "module": "journalisation", "fonction": "info", "ligne": 161, "message": "SYSTÈME DE MATCHING CV/OFFRE - DÉMARRAGE", "processus": 22676, "thread": 24060}
{"horodatage": "2026-02-11T11:41:06.468206", "niveau": "INFO", "module": "journalisation", "fonction": "info", "ligne": 161, "message": "======================================================================", "processus": 22676, "thread": 24060}
{"horodatage": "2026-02-11T11:41:06.469100", "niveau": "INFO", "module": "journalisation", "fonction": "info", "ligne": 161, "message": "✓ Configuration validée avec succès", "processus": 22676, "thread": 24060}
{"horodatage": "2026-02-11T11:41:06.469610", "niveau": "INFO", "module": "journalisation", "fonction": "info", "ligne": 161, "message": "✓ Dossiers système initialisés", "processus": 22676, "thread": 24060}
{"horodatage": "2026-02-11T12:20:52.775569", "niveau": "INFO", "module": "journalisation", "fonction": "info", "ligne": 161, "message": "======================================================================", "processus": 3152, "thread": 25560}
{"horodatage": "2026-02-11T12:20:52.776527", "niveau": "INFO", "module": "journalisation", "fonction": "info", "ligne": 161, "message": "SYSTÈME DE MATCHING CV/OFFRE - DÉMARRAGE", "processus": 3152, "thread": 25560}
{"horodatage": "2026-02-11T12:20:52.777526", "niveau": "INFO", "module": "journalisation", "fonction": "info", "ligne": 161, "message": "======================================================================", "processus": 3152, "thread": 25560}
{"horodatage": "2026-02-11T12:20:52.778528", "niveau": "INFO", "module": "journalisation", "fonction": "info", "ligne": 161, "message": "✓ Configuration validée avec succès", "processus": 3152, "thread": 25560}
{"horodatage": "2026-02-11T12:20:52.779528", "niveau": "INFO", "module": "journalisation", "fonction": "info", "ligne": 161, "message": "✓ Dossiers système initialisés", "processus": 3152, "thread": 25560}
{"horodatage": "2026-02-11T12:21:17.203824", "niveau": "INFO", "module": "journalisation", "fonction": "info", "ligne": 161, "message": "======================================================================", "processus": 27176, "thread": 14388}
{"horodatage": "2026-02-11T12:21:17.204740", "niveau": "INFO", "module": "journalisation", "fonction": "info", "ligne": 161, "message": "SYSTÈME DE MATCHING CV/OFFRE - DÉMARRAGE", "processus": 27176, "thread": 14388}
{"horodatage": "2026-02-11T12:21:17.204740", "niveau": "INFO", "module": "journalisation", "fonction": "info", "ligne": 161, "message": "======================================================================", "processus": 27176, "thread": 14388}
{"horodatage": "2026-02-11T12:21:17.204740", "niveau": "INFO", "module": "journalisation", "fonction": "info", "ligne": 161, "message": "✓ Configuration validée avec succès", "processus": 27176, "thread": 14388}
{"horodatage": "2026-02-11T12:21:17.204740", "niveau": "INFO", "module": "journalisation", "fonction": "info", "ligne": 161, "message": "✓ Dossiers système initialisés", "processus": 27176, "thread": 14388}
{"horodatage": "2026-02-11T12:21:17.204740", "niveau": "INFO", "module": "journalisation", "fonction": "info", "ligne": 161, "message": "Modèle IA : sentence-transformers/paraphrase-multilingual-MiniLM-L12-v2", "processus": 27176, "thread": 14388}
{"horodatage": "2026-02-11T12:22:41.382409", "niveau": "INFO", "module": "journalisation", "fonction": "info", "ligne": 161, "message": "======================================================================", "processus": 2520, "thread": 5564}
{"horodatage": "2026-02-11T12:22:41.382409", "niveau": "INFO", "module": "journalisation", "fonction": "info", "ligne": 161, "message": "SYSTÈME DE MATCHING CV/OFFRE - DÉMARRAGE", "processus": 2520, "thread": 5564}
{"horodatage": "2026-02-11T12:22:41.383321", "niveau": "INFO", "module": "journalisation", "fonction": "info", "ligne": 161, "message": "======================================================================", "processus": 2520, "thread": 5564}
{"horodatage": "2026-02-11T12:22:41.383321", "niveau": "INFO", "module": "journalisation", "fonction": "info", "ligne": 161, "message": "✓ Configuration validée avec succès", "processus": 2520, "thread": 5564}
{"horodatage": "2026-02-11T12:22:41.383321", "niveau": "INFO", "module": "journalisation", "fonction": "info", "ligne": 161, "message": "✓ Dossiers système initialisés", "processus": 2520, "thread": 5564}
{"horodatage": "2026-02-11T12:22:41.383321", "niveau": "INFO", "module": "journalisation", "fonction": "info", "ligne": 161, "message": "Modèle IA : sentence-transformers/paraphrase-multilingual-MiniLM-L12-v2", "processus": 2520, "thread": 5564}
{"horodatage": "2026-02-11T12:24:59.299747", "niveau": "INFO", "module": "journalisation", "fonction": "info", "ligne": 161, "message": "======================================================================", "processus": 19408, "thread": 24940}
{"horodatage": "2026-02-11T12:24:59.299747", "niveau": "INFO", "module": "journalisation", "fonction": "info", "ligne": 161, "message": "SYSTÈME DE MATCHING CV/OFFRE - DÉMARRAGE", "processus": 19408, "thread": 24940}
{"horodatage": "2026-02-11T12:24:59.300283", "niveau": "INFO", "module": "journalisation", "fonction": "info", "ligne": 161, "message": "======================================================================", "processus": 19408, "thread": 24940}
{"horodatage": "2026-02-11T12:24:59.300283", "niveau": "INFO", "module": "journalisation", "fonction": "info", "ligne": 161, "message": "✓ Configuration validée avec succès", "processus": 19408, "thread": 24940}
{"horodatage": "2026-02-11T12:24:59.300283", "niveau": "INFO", "module": "journalisation", "fonction": "info", "ligne": 161, "message": "✓ Dossiers système initialisés", "processus": 19408, "thread": 24940}
{"horodatage": "2026-02-11T12:24:59.300959", "niveau": "INFO", "module": "journalisation", "fonction": "info", "ligne": 161, "message": "Modèle IA : sentence-transformers/paraphrase-multilingual-MiniLM-L12-v2", "processus": 19408, "thread": 24940}
